Determining if the pthread_create exist failed with the following output:
Change Dir: /home/active/catkin_ws/src/labrom_mav/labrom_mav_control/cmake-build-debug/CMakeFiles/CMakeTmp

Run Build Command:"/usr/bin/make" "cmTC_d793a/fast"
/usr/bin/make -f CMakeFiles/cmTC_d793a.dir/build.make CMakeFiles/cmTC_d793a.dir/build
make[1]: Entering directory `/home/active/catkin_ws/src/labrom_mav/labrom_mav_control/cmake-build-debug/CMakeFiles/CMakeTmp'
Building C object CMakeFiles/cmTC_d793a.dir/CheckSymbolExists.c.o
/usr/bin/cc     -o CMakeFiles/cmTC_d793a.dir/CheckSymbolExists.c.o   -c /home/active/catkin_ws/src/labrom_mav/labrom_mav_control/cmake-build-debug/CMakeFiles/CMakeTmp/CheckSymbolExists.c
Linking C executable cmTC_d793a
/opt/clion-2016.3/bin/cmake/bin/cmake -E cmake_link_script CMakeFiles/cmTC_d793a.dir/link.txt --verbose=1
/usr/bin/cc       CMakeFiles/cmTC_d793a.dir/CheckSymbolExists.c.o  -o cmTC_d793a -rdynamic 
CMakeFiles/cmTC_d793a.dir/CheckSymbolExists.c.o: In function `main':
CheckSymbolExists.c:(.text+0x16): undefined reference to `pthread_create'
collect2: error: ld returned 1 exit status
make[1]: *** [cmTC_d793a] Error 1
make[1]: Leaving directory `/home/active/catkin_ws/src/labrom_mav/labrom_mav_control/cmake-build-debug/CMakeFiles/CMakeTmp'
make: *** [cmTC_d793a/fast] Error 2

File /home/active/catkin_ws/src/labrom_mav/labrom_mav_control/cmake-build-debug/CMakeFiles/CMakeTmp/CheckSymbolExists.c:
/* */
#include <pthread.h>

int main(int argc, char** argv)
{
  (void)argv;
#ifndef pthread_create
  return ((int*)(&pthread_create))[argc];
#else
  (void)argc;
  return 0;
#endif
}

Determining if the function pthread_create exists in the pthreads failed with the following output:
Change Dir: /home/active/catkin_ws/src/labrom_mav/labrom_mav_control/cmake-build-debug/CMakeFiles/CMakeTmp

Run Build Command:"/usr/bin/make" "cmTC_8af4e/fast"
/usr/bin/make -f CMakeFiles/cmTC_8af4e.dir/build.make CMakeFiles/cmTC_8af4e.dir/build
make[1]: Entering directory `/home/active/catkin_ws/src/labrom_mav/labrom_mav_control/cmake-build-debug/CMakeFiles/CMakeTmp'
Building C object CMakeFiles/cmTC_8af4e.dir/CheckFunctionExists.c.o
/usr/bin/cc    -DCHECK_FUNCTION_EXISTS=pthread_create   -o CMakeFiles/cmTC_8af4e.dir/CheckFunctionExists.c.o   -c /opt/clion-2016.3/bin/cmake/share/cmake-3.6/Modules/CheckFunctionExists.c
Linking C executable cmTC_8af4e
/opt/clion-2016.3/bin/cmake/bin/cmake -E cmake_link_script CMakeFiles/cmTC_8af4e.dir/link.txt --verbose=1
/usr/bin/cc   -DCHECK_FUNCTION_EXISTS=pthread_create    CMakeFiles/cmTC_8af4e.dir/CheckFunctionExists.c.o  -o cmTC_8af4e -rdynamic -lpthreads 
/usr/bin/ld: cannot find -lpthreads
collect2: error: ld returned 1 exit status
make[1]: *** [cmTC_8af4e] Error 1
make[1]: Leaving directory `/home/active/catkin_ws/src/labrom_mav/labrom_mav_control/cmake-build-debug/CMakeFiles/CMakeTmp'
make: *** [cmTC_8af4e/fast] Error 2


